  stdafx.cpp
  RipserComputeUtils.cpp
  RipserInOutUtils.cpp
  RipserLib_D64.cpp
  RipserUtils.cpp
RipserUtils.cpp(120): warning C4244: 'return': conversion from 'index_t' to 'const coefficient_t', possible loss of data
C:\Program Files (x86)\Microsoft Visual Studio 14.0\VC\include\utility(172): warning C4244: 'initializing': conversion from 'int' to 'value_t', possible loss of data (compiling source file RipserUtils.cpp)
  f:\qtran\topologyanalysisdev\topologyanalysis\ripserlib_d64\RipserUtils.h(104): note: see reference to function template instantiation 'std::pair<value_t,index_t>::pair<int,entry_t&,void,0>(_Other1 &&,_Other2) noexcept' being compiled
          with
          [
              _Other1=int,
              _Other2=entry_t &
          ] (compiling source file RipserUtils.cpp)
  f:\qtran\topologyanalysisdev\topologyanalysis\ripserlib_d64\RipserUtils.h(104): note: see reference to function template instantiation 'std::pair<value_t,index_t>::pair<int,entry_t&,void,0>(_Other1 &&,_Other2) noexcept' being compiled
          with
          [
              _Other1=int,
              _Other2=entry_t &
          ] (compiling source file RipserUtils.cpp)
RipserInOutUtils.cpp(95): warning C4244: 'argument': conversion from 'double' to 'float', possible loss of data
f:\qtran\topologyanalysisdev\topologyanalysis\ripserlib_d64\RipserComputeUtils.h(143): warning C4244: 'argument': conversion from 'double' to 'unsigned __int64', possible loss of data (compiling source file RipserInOutUtils.cpp)
  f:\qtran\topologyanalysisdev\topologyanalysis\ripserlib_d64\RipserComputeUtils.h(142): note: while compiling class template member function 'NRipserComputeUtils::CCompressedDistanceMatrix<NRipserComputeUtils::UPPER_TRIANGULAR>::CCompressedDistanceMatrix(std::vector<value_t,std::allocator<_Ty>> &&)'
          with
          [
              _Ty=value_t
          ] (compiling source file RipserInOutUtils.cpp)
  RipserInOutUtils.cpp(58): note: see reference to function template instantiation 'NRipserComputeUtils::CCompressedDistanceMatrix<NRipserComputeUtils::UPPER_TRIANGULAR>::CCompressedDistanceMatrix(std::vector<value_t,std::allocator<_Ty>> &&)' being compiled
          with
          [
              _Ty=value_t
          ]
  RipserInOutUtils.cpp(58): note: see reference to class template instantiation 'NRipserComputeUtils::CCompressedDistanceMatrix<NRipserComputeUtils::UPPER_TRIANGULAR>' being compiled
C:\Program Files (x86)\Microsoft Visual Studio 14.0\VC\include\utility(172): warning C4244: 'initializing': conversion from 'int' to 'value_t', possible loss of data (compiling source file RipserInOutUtils.cpp)
  F:\qtran\TopologyAnalysisDev\TopologyAnalysis\RipserLib_D64/RipserUtils.h(104): note: see reference to function template instantiation 'std::pair<value_t,index_t>::pair<int,entry_t&,void,0>(_Other1 &&,_Other2) noexcept' being compiled
          with
          [
              _Other1=int,
              _Other2=entry_t &
          ] (compiling source file RipserInOutUtils.cpp)
  F:\qtran\TopologyAnalysisDev\TopologyAnalysis\RipserLib_D64/RipserUtils.h(104): note: see reference to function template instantiation 'std::pair<value_t,index_t>::pair<int,entry_t&,void,0>(_Other1 &&,_Other2) noexcept' being compiled
          with
          [
              _Other1=int,
              _Other2=entry_t &
          ] (compiling source file RipserInOutUtils.cpp)
f:\qtran\topologyanalysisdev\topologyanalysis\ripserlib_d64\RipserComputeUtils.h(153): warning C4018: '<': signed/unsigned mismatch (compiling source file RipserInOutUtils.cpp)
  RipserInOutUtils.cpp(58): note: see reference to function template instantiation 'NRipserComputeUtils::CCompressedDistanceMatrix<NRipserComputeUtils::LOWER_TRIANGULAR>::CCompressedDistanceMatrix<NRipserComputeUtils::CCompressedDistanceMatrix<NRipserComputeUtils::UPPER_TRIANGULAR>>(const DistanceMatrix &)' being compiled
          with
          [
              DistanceMatrix=NRipserComputeUtils::CCompressedDistanceMatrix<NRipserComputeUtils::UPPER_TRIANGULAR>
          ]
  RipserInOutUtils.cpp(58): note: see reference to function template instantiation 'NRipserComputeUtils::CCompressedDistanceMatrix<NRipserComputeUtils::LOWER_TRIANGULAR>::CCompressedDistanceMatrix<NRipserComputeUtils::CCompressedDistanceMatrix<NRipserComputeUtils::UPPER_TRIANGULAR>>(const DistanceMatrix &)' being compiled
          with
          [
              DistanceMatrix=NRipserComputeUtils::CCompressedDistanceMatrix<NRipserComputeUtils::UPPER_TRIANGULAR>
          ]
RipserComputeUtils.cpp(41): warning C4018: '<': signed/unsigned mismatch
RipserComputeUtils.cpp(49): warning C4018: '<': signed/unsigned mismatch
C:\Program Files (x86)\Microsoft Visual Studio 14.0\VC\include\utility(172): warning C4244: 'initializing': conversion from 'int' to 'value_t', possible loss of data (compiling source file RipserComputeUtils.cpp)
  F:\qtran\TopologyAnalysisDev\TopologyAnalysis\RipserLib_D64/RipserUtils.h(104): note: see reference to function template instantiation 'std::pair<value_t,index_t>::pair<int,entry_t&,void,0>(_Other1 &&,_Other2) noexcept' being compiled
          with
          [
              _Other1=int,
              _Other2=entry_t &
          ] (compiling source file RipserComputeUtils.cpp)
  F:\qtran\TopologyAnalysisDev\TopologyAnalysis\RipserLib_D64/RipserUtils.h(104): note: see reference to function template instantiation 'std::pair<value_t,index_t>::pair<int,entry_t&,void,0>(_Other1 &&,_Other2) noexcept' being compiled
          with
          [
              _Other1=int,
              _Other2=entry_t &
          ] (compiling source file RipserComputeUtils.cpp)
RipserComputeUtils.cpp(171): warning C4018: '<': signed/unsigned mismatch
  RipserComputeUtils.cpp(436): note: see reference to function template instantiation 'void NRipserComputeUtils::compute_pairs<NRipserComputeUtils::CompressedLowerDistMatType,NRipserComputeUtils::CRipsFiltrationComparator<NRipserComputeUtils::CompressedLowerDistMatType>,NRipserComputeUtils::CRipsFiltrationComparator<NRipserComputeUtils::CompressedLowerDistMatType>>(CPersistenceBarcodesPtr &,std::vector<NRipserUtils::CDiameterIndexT,std::allocator<_Ty>> &,hash_map<index_t,index_t> &,index_t,index_t,value_t,coefficient_t,const std::vector<coefficient_t,std::allocator<short>> &,const DistanceMatrix &,const ComparatorCofaces &,const Comparator &,const NRipserUtils::CBinomialCoeffTable &)' being compiled
          with
          [
              _Ty=NRipserUtils::CDiameterIndexT,
              DistanceMatrix=NRipserComputeUtils::CompressedLowerDistMatType,
              ComparatorCofaces=NRipserComputeUtils::CRipsFiltrationComparator<NRipserComputeUtils::CompressedLowerDistMatType>,
              Comparator=NRipserComputeUtils::CRipsFiltrationComparator<NRipserComputeUtils::CompressedLowerDistMatType>
          ]
     Creating library x64\Debug\RipserLib_D64.lib and object x64\Debug\RipserLib_D64.exp
  RipserLib_D64.vcxproj -> F:\qtran\TopologyAnalysisDev\TopologyAnalysis\\Debug\RipserLib_D64.dll
  RipserLib_D64.vcxproj -> F:\qtran\TopologyAnalysisDev\TopologyAnalysis\Debug\\RipserLib_D64.pdb (Full PDB)
  SetVersion() is skipped because --version_h_file_path or --verpatch_exe_path are not set.
  ['C:\\Program Files (x86)\\Windows Kits\\8.1\\bin\\x86\\signtool.exe', 'sign', '/n', 'Ziosoft, Inc', '/i', 'Go Daddy', '/d', 'ZIOSOFT Application', '/du', 'http://219.166.169.149/ZIO/', '/t', 'http://tsa.starfieldtech.com', '/v', 'F:\\qtran\\TopologyAnalysisDev\\TopologyAnalysis\\\\Debug\\RipserLib_D64.dll']
  Successfully signed: sign_target_path=F:\qtran\TopologyAnalysisDev\TopologyAnalysis\\Debug\RipserLib_D64.dll
