  stdafx.cpp
  BarcodeUtils.cpp
  PersistenceBarcodes.cpp
  PersistenceUtils_D64.cpp
e:\qtran\topologyanalysisgit\scalevarianttopo\persistenceutils_d64\PersistenceBarcodes.h(39): warning C4251: 'NPersistenceUtils::CPersistenceBarcodes<Dtype>::m_barcodes': class 'std::vector<std::tuple<Dtype,Dtype,Dtype>,std::allocator<_Ty>>' needs to have dll-interface to be used by clients of class 'NPersistenceUtils::CPersistenceBarcodes<Dtype>'
          with
          [
              _Ty=std::tuple<Dtype,Dtype,Dtype>
          ] (compiling source file BarcodeUtils.cpp)
  e:\qtran\topologyanalysisgit\scalevarianttopo\persistenceutils_d64\PersistenceBarcodes.h(18): note: see declaration of 'std::vector<std::tuple<Dtype,Dtype,Dtype>,std::allocator<_Ty>>'
          with
          [
              _Ty=std::tuple<Dtype,Dtype,Dtype>
          ] (compiling source file BarcodeUtils.cpp)
  e:\qtran\topologyanalysisgit\scalevarianttopo\persistenceutils_d64\PersistenceBarcodes.h(42): note: see reference to class template instantiation 'NPersistenceUtils::CPersistenceBarcodes<Dtype>' being compiled (compiling source file BarcodeUtils.cpp)
e:\qtran\topologyanalysisgit\scalevarianttopo\persistenceutils_d64\PersistenceBarcodes.h(41): warning C4251: 'NPersistenceUtils::CPersistenceBarcodes<Dtype>::m_filesrc': class 'std::basic_string<wchar_t,std::char_traits<wchar_t>,std::allocator<wchar_t>>' needs to have dll-interface to be used by clients of class 'NPersistenceUtils::CPersistenceBarcodes<Dtype>' (compiling source file BarcodeUtils.cpp)
  C:\Program Files (x86)\Microsoft Visual Studio 14.0\VC\include\xstring(2635): note: see declaration of 'std::basic_string<wchar_t,std::char_traits<wchar_t>,std::allocator<wchar_t>>' (compiling source file BarcodeUtils.cpp)
e:\qtran\topologyanalysisgit\scalevarianttopo\persistenceutils_d64\PersistenceBarcodes.h(39): warning C4251: 'NPersistenceUtils::CPersistenceBarcodes<Dtype>::m_barcodes': class 'std::vector<std::tuple<Dtype,Dtype,Dtype>,std::allocator<_Ty>>' needs to have dll-interface to be used by clients of class 'NPersistenceUtils::CPersistenceBarcodes<Dtype>'
          with
          [
              _Ty=std::tuple<Dtype,Dtype,Dtype>
          ] (compiling source file PersistenceBarcodes.cpp)
  e:\qtran\topologyanalysisgit\scalevarianttopo\persistenceutils_d64\PersistenceBarcodes.h(18): note: see declaration of 'std::vector<std::tuple<Dtype,Dtype,Dtype>,std::allocator<_Ty>>'
          with
          [
              _Ty=std::tuple<Dtype,Dtype,Dtype>
          ] (compiling source file PersistenceBarcodes.cpp)
  e:\qtran\topologyanalysisgit\scalevarianttopo\persistenceutils_d64\PersistenceBarcodes.h(42): note: see reference to class template instantiation 'NPersistenceUtils::CPersistenceBarcodes<Dtype>' being compiled (compiling source file PersistenceBarcodes.cpp)
e:\qtran\topologyanalysisgit\scalevarianttopo\persistenceutils_d64\PersistenceBarcodes.h(41): warning C4251: 'NPersistenceUtils::CPersistenceBarcodes<Dtype>::m_filesrc': class 'std::basic_string<wchar_t,std::char_traits<wchar_t>,std::allocator<wchar_t>>' needs to have dll-interface to be used by clients of class 'NPersistenceUtils::CPersistenceBarcodes<Dtype>' (compiling source file PersistenceBarcodes.cpp)
  C:\Program Files (x86)\Microsoft Visual Studio 14.0\VC\include\xstring(2635): note: see declaration of 'std::basic_string<wchar_t,std::char_traits<wchar_t>,std::allocator<wchar_t>>' (compiling source file PersistenceBarcodes.cpp)
e:\qtran\topologyanalysisgit\scalevarianttopo\persistenceutils_d64\PersistenceBarcodes.h(39): warning C4251: 'NPersistenceUtils::CPersistenceBarcodes<float>::m_barcodes': class 'std::vector<std::tuple<Dtype,Dtype,Dtype>,std::allocator<_Ty>>' needs to have dll-interface to be used by clients of class 'NPersistenceUtils::CPersistenceBarcodes<float>'
          with
          [
              Dtype=float,
              _Ty=std::tuple<float,float,float>
          ] (compiling source file PersistenceBarcodes.cpp)
  e:\qtran\topologyanalysisgit\scalevarianttopo\persistenceutils_d64\PersistenceBarcodes.h(18): note: see declaration of 'std::vector<std::tuple<Dtype,Dtype,Dtype>,std::allocator<_Ty>>'
          with
          [
              Dtype=float,
              _Ty=std::tuple<float,float,float>
          ] (compiling source file PersistenceBarcodes.cpp)
  PersistenceBarcodes.cpp(168): note: see reference to class template instantiation 'NPersistenceUtils::CPersistenceBarcodes<float>' being compiled
e:\qtran\topologyanalysisgit\scalevarianttopo\persistenceutils_d64\PersistenceBarcodes.h(41): warning C4251: 'NPersistenceUtils::CPersistenceBarcodes<float>::m_filesrc': class 'std::basic_string<wchar_t,std::char_traits<wchar_t>,std::allocator<wchar_t>>' needs to have dll-interface to be used by clients of class 'NPersistenceUtils::CPersistenceBarcodes<float>' (compiling source file PersistenceBarcodes.cpp)
  C:\Program Files (x86)\Microsoft Visual Studio 14.0\VC\include\xstring(2635): note: see declaration of 'std::basic_string<wchar_t,std::char_traits<wchar_t>,std::allocator<wchar_t>>' (compiling source file PersistenceBarcodes.cpp)
e:\qtran\topologyanalysisgit\scalevarianttopo\persistenceutils_d64\PersistenceBarcodes.h(39): warning C4251: 'NPersistenceUtils::CPersistenceBarcodes<double>::m_barcodes': class 'std::vector<std::tuple<Dtype,Dtype,Dtype>,std::allocator<_Ty>>' needs to have dll-interface to be used by clients of class 'NPersistenceUtils::CPersistenceBarcodes<double>'
          with
          [
              Dtype=double,
              _Ty=std::tuple<double,double,double>
          ] (compiling source file PersistenceBarcodes.cpp)
  e:\qtran\topologyanalysisgit\scalevarianttopo\persistenceutils_d64\PersistenceBarcodes.h(18): note: see declaration of 'std::vector<std::tuple<Dtype,Dtype,Dtype>,std::allocator<_Ty>>'
          with
          [
              Dtype=double,
              _Ty=std::tuple<double,double,double>
          ] (compiling source file PersistenceBarcodes.cpp)
  PersistenceBarcodes.cpp(169): note: see reference to class template instantiation 'NPersistenceUtils::CPersistenceBarcodes<double>' being compiled
e:\qtran\topologyanalysisgit\scalevarianttopo\persistenceutils_d64\PersistenceBarcodes.h(41): warning C4251: 'NPersistenceUtils::CPersistenceBarcodes<double>::m_filesrc': class 'std::basic_string<wchar_t,std::char_traits<wchar_t>,std::allocator<wchar_t>>' needs to have dll-interface to be used by clients of class 'NPersistenceUtils::CPersistenceBarcodes<double>' (compiling source file PersistenceBarcodes.cpp)
  C:\Program Files (x86)\Microsoft Visual Studio 14.0\VC\include\xstring(2635): note: see declaration of 'std::basic_string<wchar_t,std::char_traits<wchar_t>,std::allocator<wchar_t>>' (compiling source file PersistenceBarcodes.cpp)
PersistenceBarcodes.cpp(55): warning C4244: '=': conversion from 'double' to 'float', possible loss of data
  PersistenceBarcodes.cpp(25): note: while compiling class template member function 'NPersistenceUtils::CPersistenceBarcodes<float>::CPersistenceBarcodes(const std::wstring,const boost::tuples::tuple<int,float,bool,float,boost::tuples::null_type,boost::tuples::null_type,boost::tuples::null_type,boost::tuples::null_type,boost::tuples::null_type,boost::tuples::null_type>,const boost::tuples::tuple<float,float,bool,boost::tuples::null_type,boost::tuples::null_type,boost::tuples::null_type,boost::tuples::null_type,boost::tuples::null_type,boost::tuples::null_type,boost::tuples::null_type>)'
  PersistenceBarcodes.cpp(168): note: see reference to class template instantiation 'NPersistenceUtils::CPersistenceBarcodes<float>' being compiled
PersistenceBarcodes.cpp(56): warning C4244: '=': conversion from 'double' to 'float', possible loss of data
PersistenceBarcodes.cpp(57): warning C4244: '=': conversion from 'double' to 'float', possible loss of data
E:\qtran\TopologyAnalysisGit\externals\PreBuilt\boost/regex/v4/perl_matcher_common.hpp(845): warning C4244: 'argument': conversion from 'wchar_t' to 'char', possible loss of data (compiling source file PersistenceBarcodes.cpp)
  E:\qtran\TopologyAnalysisGit\externals\PreBuilt\boost/regex/v4/perl_matcher_common.hpp(832): note: while compiling class template member function 'bool boost::re_detail::perl_matcher<BidiIterator,Allocator,traits>::find_restart_word(void)'
          with
          [
              BidiIterator=std::_String_iterator<std::_String_val<std::_Simple_types<wchar_t>>>,
              Allocator=std::allocator<boost::sub_match<std::_String_iterator<std::_String_val<std::_Simple_types<wchar_t>>>>>,
              traits=boost::regex_traits<char,boost::w32_regex_traits<char>>
          ] (compiling source file PersistenceBarcodes.cpp)
  E:\qtran\TopologyAnalysisGit\externals\PreBuilt\boost/regex/v4/perl_matcher_common.hpp(248): note: see reference to function template instantiation 'bool boost::re_detail::perl_matcher<BidiIterator,Allocator,traits>::find_restart_word(void)' being compiled
          with
          [
              BidiIterator=std::_String_iterator<std::_String_val<std::_Simple_types<wchar_t>>>,
              Allocator=std::allocator<boost::sub_match<std::_String_iterator<std::_String_val<std::_Simple_types<wchar_t>>>>>,
              traits=boost::regex_traits<char,boost::w32_regex_traits<char>>
          ] (compiling source file PersistenceBarcodes.cpp)
  E:\qtran\TopologyAnalysisGit\externals\PreBuilt\boost/regex/v4/perl_matcher_common.hpp(238): note: while compiling class template member function 'bool boost::re_detail::perl_matcher<BidiIterator,Allocator,traits>::find_imp(void)'
          with
          [
              BidiIterator=std::_String_iterator<std::_String_val<std::_Simple_types<wchar_t>>>,
              Allocator=std::allocator<boost::sub_match<std::_String_iterator<std::_String_val<std::_Simple_types<wchar_t>>>>>,
              traits=boost::regex_traits<char,boost::w32_regex_traits<char>>
          ] (compiling source file PersistenceBarcodes.cpp)
  E:\qtran\TopologyAnalysisGit\externals\PreBuilt\boost/regex/v4/perl_matcher_common.hpp(232): note: see reference to function template instantiation 'bool boost::re_detail::perl_matcher<BidiIterator,Allocator,traits>::find_imp(void)' being compiled
          with
          [
              BidiIterator=std::_String_iterator<std::_String_val<std::_Simple_types<wchar_t>>>,
              Allocator=std::allocator<boost::sub_match<std::_String_iterator<std::_String_val<std::_Simple_types<wchar_t>>>>>,
              traits=boost::regex_traits<char,boost::w32_regex_traits<char>>
          ] (compiling source file PersistenceBarcodes.cpp)
  E:\qtran\TopologyAnalysisGit\externals\PreBuilt\boost/regex/v4/perl_matcher_common.hpp(228): note: while compiling class template member function 'bool boost::re_detail::perl_matcher<BidiIterator,Allocator,traits>::find(void)'
          with
          [
              BidiIterator=std::_String_iterator<std::_String_val<std::_Simple_types<wchar_t>>>,
              Allocator=std::allocator<boost::sub_match<std::_String_iterator<std::_String_val<std::_Simple_types<wchar_t>>>>>,
              traits=boost::regex_traits<char,boost::w32_regex_traits<char>>
          ] (compiling source file PersistenceBarcodes.cpp)
  E:\qtran\TopologyAnalysisGit\externals\PreBuilt\boost/regex/v4/regex_search.hpp(56): note: see reference to function template instantiation 'bool boost::re_detail::perl_matcher<BidiIterator,Allocator,traits>::find(void)' being compiled
          with
          [
              BidiIterator=std::_String_iterator<std::_String_val<std::_Simple_types<wchar_t>>>,
              Allocator=std::allocator<boost::sub_match<std::_String_iterator<std::_String_val<std::_Simple_types<wchar_t>>>>>,
              traits=boost::regex_traits<char,boost::w32_regex_traits<char>>
          ] (compiling source file PersistenceBarcodes.cpp)
  E:\qtran\TopologyAnalysisGit\externals\PreBuilt\boost/regex/v4/regex_search.hpp(55): note: see reference to class template instantiation 'boost::re_detail::perl_matcher<BidiIterator,Allocator,traits>' being compiled
          with
          [
              BidiIterator=std::_String_iterator<std::_String_val<std::_Simple_types<wchar_t>>>,
              Allocator=std::allocator<boost::sub_match<std::_String_iterator<std::_String_val<std::_Simple_types<wchar_t>>>>>,
              traits=boost::regex_traits<char,boost::w32_regex_traits<char>>
          ] (compiling source file PersistenceBarcodes.cpp)
  E:\qtran\TopologyAnalysisGit\externals\PreBuilt\boost/regex/v4/regex_search.hpp(42): note: see reference to function template instantiation 'bool boost::regex_search<BidiIterator,std::allocator<_Ty>,char,boost::regex_traits<char,boost::w32_regex_traits<charT>>>(BidiIterator,BidiIterator,boost::match_results<BidiIterator,std::allocator<_Ty>> &,const boost::basic_regex<charT,boost::regex_traits<charT,boost::w32_regex_traits<charT>>> &,boost::regex_constants::match_flag_type,BidiIterator)' being compiled
          with
          [
              BidiIterator=std::_String_iterator<std::_String_val<std::_Simple_types<wchar_t>>>,
              _Ty=boost::sub_match<std::_String_iterator<std::_String_val<std::_Simple_types<wchar_t>>>>,
              charT=char
          ] (compiling source file PersistenceBarcodes.cpp)
  E:\qtran\TopologyAnalysisGit\externals\PreBuilt\boost/algorithm/string/detail/finder_regex.hpp(101): note: see reference to function template instantiation 'bool boost::regex_search<ForwardIteratorT,std::allocator<_Ty>,char,boost::regex_traits<char,boost::w32_regex_traits<charT>>>(BidiIterator,BidiIterator,boost::match_results<BidiIterator,std::allocator<_Ty>> &,const boost::basic_regex<charT,boost::regex_traits<charT,boost::w32_regex_traits<charT>>> &,boost::regex_constants::match_flag_type)' being compiled
          with
          [
              ForwardIteratorT=std::_String_iterator<std::_String_val<std::_Simple_types<wchar_t>>>,
              _Ty=boost::sub_match<std::_String_iterator<std::_String_val<std::_Simple_types<wchar_t>>>>,
              charT=char,
              BidiIterator=std::_String_iterator<std::_String_val<std::_Simple_types<wchar_t>>>
          ] (compiling source file PersistenceBarcodes.cpp)
  E:\qtran\TopologyAnalysisGit\externals\PreBuilt\boost/algorithm/string/regex.hpp(66): note: see reference to function template instantiation 'boost::algorithm::detail::regex_search_result<std::_String_iterator<std::_String_val<std::_Simple_types<wchar_t>>>> boost::algorithm::detail::find_regexF<boost::basic_regex<char,boost::regex_traits<char,boost::w32_regex_traits<charT>>>>::operator ()<std::_String_iterator<std::_String_val<std::_Simple_types<wchar_t>>>>(ForwardIteratorT,ForwardIteratorT) const' being compiled
          with
          [
              charT=char,
              ForwardIteratorT=std::_String_iterator<std::_String_val<std::_Simple_types<wchar_t>>>
          ] (compiling source file PersistenceBarcodes.cpp)
  E:\qtran\TopologyAnalysisGit\externals\PreBuilt\boost/algorithm/string/regex.hpp(65): note: see reference to function template instantiation 'boost::algorithm::detail::regex_search_result<std::_String_iterator<std::_String_val<std::_Simple_types<wchar_t>>>> boost::algorithm::detail::find_regexF<boost::basic_regex<char,boost::regex_traits<char,boost::w32_regex_traits<charT>>>>::operator ()<std::_String_iterator<std::_String_val<std::_Simple_types<wchar_t>>>>(ForwardIteratorT,ForwardIteratorT) const' being compiled
          with
          [
              charT=char,
              ForwardIteratorT=std::_String_iterator<std::_String_val<std::_Simple_types<wchar_t>>>
          ] (compiling source file PersistenceBarcodes.cpp)
  PersistenceBarcodes.cpp(187): note: see reference to function template instantiation 'boost::iterator_range<std::_String_iterator<std::_String_val<std::_Simple_types<wchar_t>>>> boost::algorithm::find_regex<std::wstring,char,boost::regex_traits<char,boost::w32_regex_traits<charT>>>(RangeT &,const boost::basic_regex<charT,boost::regex_traits<charT,boost::w32_regex_traits<charT>>> &,boost::regex_constants::match_flag_type)' being compiled
          with
          [
              charT=char,
              RangeT=std::wstring
          ]
E:\qtran\TopologyAnalysisGit\externals\PreBuilt\boost/regex/v4/perl_matcher_common.hpp(847): warning C4244: 'argument': conversion from 'wchar_t' to 'char', possible loss of data (compiling source file PersistenceBarcodes.cpp)
E:\qtran\TopologyAnalysisGit\externals\PreBuilt\boost/regex/v4/perl_matcher_non_recursive.hpp(1346): warning C4244: 'argument': conversion from 'wchar_t' to 'char', possible loss of data (compiling source file PersistenceBarcodes.cpp)
  E:\qtran\TopologyAnalysisGit\externals\PreBuilt\boost/regex/v4/perl_matcher_non_recursive.hpp(1319): note: while compiling class template member function 'bool boost::re_detail::perl_matcher<BidiIterator,Allocator,traits>::unwind_char_repeat(bool)'
          with
          [
              BidiIterator=std::_String_iterator<std::_String_val<std::_Simple_types<wchar_t>>>,
              Allocator=std::allocator<boost::sub_match<std::_String_iterator<std::_String_val<std::_Simple_types<wchar_t>>>>>,
              traits=boost::regex_traits<char,boost::w32_regex_traits<char>>
          ] (compiling source file PersistenceBarcodes.cpp)
  E:\qtran\TopologyAnalysisGit\externals\PreBuilt\boost/regex/v4/perl_matcher_non_recursive.hpp(1034): note: see reference to function template instantiation 'bool boost::re_detail::perl_matcher<BidiIterator,Allocator,traits>::unwind_char_repeat(bool)' being compiled
          with
          [
              BidiIterator=std::_String_iterator<std::_String_val<std::_Simple_types<wchar_t>>>,
              Allocator=std::allocator<boost::sub_match<std::_String_iterator<std::_String_val<std::_Simple_types<wchar_t>>>>>,
              traits=boost::regex_traits<char,boost::w32_regex_traits<char>>
          ] (compiling source file PersistenceBarcodes.cpp)
  E:\qtran\TopologyAnalysisGit\externals\PreBuilt\boost/regex/v4/perl_matcher_common.hpp(319): note: while compiling class template member function 'bool boost::re_detail::perl_matcher<BidiIterator,Allocator,traits>::match_prefix(void)'
          with
          [
              BidiIterator=std::_String_iterator<std::_String_val<std::_Simple_types<wchar_t>>>,
              Allocator=std::allocator<boost::sub_match<std::_String_iterator<std::_String_val<std::_Simple_types<wchar_t>>>>>,
              traits=boost::regex_traits<char,boost::w32_regex_traits<char>>
          ] (compiling source file PersistenceBarcodes.cpp)
  E:\qtran\TopologyAnalysisGit\externals\PreBuilt\boost/regex/v4/perl_matcher_common.hpp(248): note: see reference to function template instantiation 'bool boost::re_detail::perl_matcher<BidiIterator,Allocator,traits>::match_prefix(void)' being compiled
          with
          [
              BidiIterator=std::_String_iterator<std::_String_val<std::_Simple_types<wchar_t>>>,
              Allocator=std::allocator<boost::sub_match<std::_String_iterator<std::_String_val<std::_Simple_types<wchar_t>>>>>,
              traits=boost::regex_traits<char,boost::w32_regex_traits<char>>
          ] (compiling source file PersistenceBarcodes.cpp)
E:\qtran\TopologyAnalysisGit\externals\PreBuilt\boost/regex/v4/perl_matcher_non_recursive.hpp(1415): warning C4244: 'argument': conversion from 'wchar_t' to 'char', possible loss of data (compiling source file PersistenceBarcodes.cpp)
  E:\qtran\TopologyAnalysisGit\externals\PreBuilt\boost/regex/v4/perl_matcher_non_recursive.hpp(1388): note: while compiling class template member function 'bool boost::re_detail::perl_matcher<BidiIterator,Allocator,traits>::unwind_short_set_repeat(bool)'
          with
          [
              BidiIterator=std::_String_iterator<std::_String_val<std::_Simple_types<wchar_t>>>,
              Allocator=std::allocator<boost::sub_match<std::_String_iterator<std::_String_val<std::_Simple_types<wchar_t>>>>>,
              traits=boost::regex_traits<char,boost::w32_regex_traits<char>>
          ] (compiling source file PersistenceBarcodes.cpp)
  E:\qtran\TopologyAnalysisGit\externals\PreBuilt\boost/regex/v4/perl_matcher_non_recursive.hpp(1034): note: see reference to function template instantiation 'bool boost::re_detail::perl_matcher<BidiIterator,Allocator,traits>::unwind_short_set_repeat(bool)' being compiled
          with
          [
              BidiIterator=std::_String_iterator<std::_String_val<std::_Simple_types<wchar_t>>>,
              Allocator=std::allocator<boost::sub_match<std::_String_iterator<std::_String_val<std::_Simple_types<wchar_t>>>>>,
              traits=boost::regex_traits<char,boost::w32_regex_traits<char>>
          ] (compiling source file PersistenceBarcodes.cpp)
E:\qtran\TopologyAnalysisGit\externals\PreBuilt\boost/regex/v4/perl_matcher_common.hpp(364): warning C4244: 'argument': conversion from 'wchar_t' to 'char', possible loss of data (compiling source file PersistenceBarcodes.cpp)
  E:\qtran\TopologyAnalysisGit\externals\PreBuilt\boost/regex/v4/perl_matcher_common.hpp(356): note: while compiling class template member function 'bool boost::re_detail::perl_matcher<BidiIterator,Allocator,traits>::match_literal(void)'
          with
          [
              BidiIterator=std::_String_iterator<std::_String_val<std::_Simple_types<wchar_t>>>,
              Allocator=std::allocator<boost::sub_match<std::_String_iterator<std::_String_val<std::_Simple_types<wchar_t>>>>>,
              traits=boost::regex_traits<char,boost::w32_regex_traits<char>>
          ] (compiling source file PersistenceBarcodes.cpp)
  E:\qtran\TopologyAnalysisGit\externals\PreBuilt\boost/regex/v4/perl_matcher_non_recursive.hpp(180): note: see reference to function template instantiation 'bool boost::re_detail::perl_matcher<BidiIterator,Allocator,traits>::match_literal(void)' being compiled
          with
          [
              BidiIterator=std::_String_iterator<std::_String_val<std::_Simple_types<wchar_t>>>,
              Allocator=std::allocator<boost::sub_match<std::_String_iterator<std::_String_val<std::_Simple_types<wchar_t>>>>>,
              traits=boost::regex_traits<char,boost::w32_regex_traits<char>>
          ] (compiling source file PersistenceBarcodes.cpp)
  E:\qtran\TopologyAnalysisGit\externals\PreBuilt\boost/regex/v4/perl_matcher_non_recursive.hpp(143): note: while compiling class template member function 'bool boost::re_detail::perl_matcher<BidiIterator,Allocator,traits>::match_all_states(void)'
          with
          [
              BidiIterator=std::_String_iterator<std::_String_val<std::_Simple_types<wchar_t>>>,
              Allocator=std::allocator<boost::sub_match<std::_String_iterator<std::_String_val<std::_Simple_types<wchar_t>>>>>,
              traits=boost::regex_traits<char,boost::w32_regex_traits<char>>
          ] (compiling source file PersistenceBarcodes.cpp)
  E:\qtran\TopologyAnalysisGit\externals\PreBuilt\boost/regex/v4/perl_matcher_common.hpp(325): note: see reference to function template instantiation 'bool boost::re_detail::perl_matcher<BidiIterator,Allocator,traits>::match_all_states(void)' being compiled
          with
          [
              BidiIterator=std::_String_iterator<std::_String_val<std::_Simple_types<wchar_t>>>,
              Allocator=std::allocator<boost::sub_match<std::_String_iterator<std::_String_val<std::_Simple_types<wchar_t>>>>>,
              traits=boost::regex_traits<char,boost::w32_regex_traits<char>>
          ] (compiling source file PersistenceBarcodes.cpp)
E:\qtran\TopologyAnalysisGit\externals\PreBuilt\boost/regex/v4/perl_matcher_common.hpp(461): warning C4244: 'argument': conversion from 'wchar_t' to 'char', possible loss of data (compiling source file PersistenceBarcodes.cpp)
  E:\qtran\TopologyAnalysisGit\externals\PreBuilt\boost/regex/v4/perl_matcher_common.hpp(456): note: while compiling class template member function 'bool boost::re_detail::perl_matcher<BidiIterator,Allocator,traits>::match_word_boundary(void)'
          with
          [
              BidiIterator=std::_String_iterator<std::_String_val<std::_Simple_types<wchar_t>>>,
              Allocator=std::allocator<boost::sub_match<std::_String_iterator<std::_String_val<std::_Simple_types<wchar_t>>>>>,
              traits=boost::regex_traits<char,boost::w32_regex_traits<char>>
          ] (compiling source file PersistenceBarcodes.cpp)
  E:\qtran\TopologyAnalysisGit\externals\PreBuilt\boost/regex/v4/perl_matcher_non_recursive.hpp(180): note: see reference to function template instantiation 'bool boost::re_detail::perl_matcher<BidiIterator,Allocator,traits>::match_word_boundary(void)' being compiled
          with
          [
              BidiIterator=std::_String_iterator<std::_String_val<std::_Simple_types<wchar_t>>>,
              Allocator=std::allocator<boost::sub_match<std::_String_iterator<std::_String_val<std::_Simple_types<wchar_t>>>>>,
              traits=boost::regex_traits<char,boost::w32_regex_traits<char>>
          ] (compiling source file PersistenceBarcodes.cpp)
E:\qtran\TopologyAnalysisGit\externals\PreBuilt\boost/regex/v4/perl_matcher_common.hpp(477): warning C4244: 'argument': conversion from 'wchar_t' to 'char', possible loss of data (compiling source file PersistenceBarcodes.cpp)
E:\qtran\TopologyAnalysisGit\externals\PreBuilt\boost/regex/v4/perl_matcher_common.hpp(494): warning C4244: 'argument': conversion from 'wchar_t' to 'char', possible loss of data (compiling source file PersistenceBarcodes.cpp)
  E:\qtran\TopologyAnalysisGit\externals\PreBuilt\boost/regex/v4/perl_matcher_common.hpp(490): note: while compiling class template member function 'bool boost::re_detail::perl_matcher<BidiIterator,Allocator,traits>::match_within_word(void)'
          with
          [
              BidiIterator=std::_String_iterator<std::_String_val<std::_Simple_types<wchar_t>>>,
              Allocator=std::allocator<boost::sub_match<std::_String_iterator<std::_String_val<std::_Simple_types<wchar_t>>>>>,
              traits=boost::regex_traits<char,boost::w32_regex_traits<char>>
          ] (compiling source file PersistenceBarcodes.cpp)
  E:\qtran\TopologyAnalysisGit\externals\PreBuilt\boost/regex/v4/perl_matcher_non_recursive.hpp(180): note: see reference to function template instantiation 'bool boost::re_detail::perl_matcher<BidiIterator,Allocator,traits>::match_within_word(void)' being compiled
          with
          [
              BidiIterator=std::_String_iterator<std::_String_val<std::_Simple_types<wchar_t>>>,
              Allocator=std::allocator<boost::sub_match<std::_String_iterator<std::_String_val<std::_Simple_types<wchar_t>>>>>,
              traits=boost::regex_traits<char,boost::w32_regex_traits<char>>
          ] (compiling source file PersistenceBarcodes.cpp)
E:\qtran\TopologyAnalysisGit\externals\PreBuilt\boost/regex/v4/perl_matcher_common.hpp(502): warning C4244: 'argument': conversion from 'wchar_t' to 'char', possible loss of data (compiling source file PersistenceBarcodes.cpp)
E:\qtran\TopologyAnalysisGit\externals\PreBuilt\boost/regex/v4/perl_matcher_common.hpp(519): warning C4244: 'argument': conversion from 'wchar_t' to 'char', possible loss of data (compiling source file PersistenceBarcodes.cpp)
  E:\qtran\TopologyAnalysisGit\externals\PreBuilt\boost/regex/v4/perl_matcher_common.hpp(516): note: while compiling class template member function 'bool boost::re_detail::perl_matcher<BidiIterator,Allocator,traits>::match_word_start(void)'
          with
          [
              BidiIterator=std::_String_iterator<std::_String_val<std::_Simple_types<wchar_t>>>,
              Allocator=std::allocator<boost::sub_match<std::_String_iterator<std::_String_val<std::_Simple_types<wchar_t>>>>>,
              traits=boost::regex_traits<char,boost::w32_regex_traits<char>>
          ] (compiling source file PersistenceBarcodes.cpp)
  E:\qtran\TopologyAnalysisGit\externals\PreBuilt\boost/regex/v4/perl_matcher_non_recursive.hpp(180): note: see reference to function template instantiation 'bool boost::re_detail::perl_matcher<BidiIterator,Allocator,traits>::match_word_start(void)' being compiled
          with
          [
              BidiIterator=std::_String_iterator<std::_String_val<std::_Simple_types<wchar_t>>>,
              Allocator=std::allocator<boost::sub_match<std::_String_iterator<std::_String_val<std::_Simple_types<wchar_t>>>>>,
              traits=boost::regex_traits<char,boost::w32_regex_traits<char>>
          ] (compiling source file PersistenceBarcodes.cpp)
E:\qtran\TopologyAnalysisGit\externals\PreBuilt\boost/regex/v4/perl_matcher_common.hpp(531): warning C4244: 'argument': conversion from 'wchar_t' to 'char', possible loss of data (compiling source file PersistenceBarcodes.cpp)
E:\qtran\TopologyAnalysisGit\externals\PreBuilt\boost/regex/v4/perl_matcher_common.hpp(546): warning C4244: 'argument': conversion from 'wchar_t' to 'char', possible loss of data (compiling source file PersistenceBarcodes.cpp)
  E:\qtran\TopologyAnalysisGit\externals\PreBuilt\boost/regex/v4/perl_matcher_common.hpp(541): note: while compiling class template member function 'bool boost::re_detail::perl_matcher<BidiIterator,Allocator,traits>::match_word_end(void)'
          with
          [
              BidiIterator=std::_String_iterator<std::_String_val<std::_Simple_types<wchar_t>>>,
              Allocator=std::allocator<boost::sub_match<std::_String_iterator<std::_String_val<std::_Simple_types<wchar_t>>>>>,
              traits=boost::regex_traits<char,boost::w32_regex_traits<char>>
          ] (compiling source file PersistenceBarcodes.cpp)
  E:\qtran\TopologyAnalysisGit\externals\PreBuilt\boost/regex/v4/perl_matcher_non_recursive.hpp(180): note: see reference to function template instantiation 'bool boost::re_detail::perl_matcher<BidiIterator,Allocator,traits>::match_word_end(void)' being compiled
          with
          [
              BidiIterator=std::_String_iterator<std::_String_val<std::_Simple_types<wchar_t>>>,
              Allocator=std::allocator<boost::sub_match<std::_String_iterator<std::_String_val<std::_Simple_types<wchar_t>>>>>,
              traits=boost::regex_traits<char,boost::w32_regex_traits<char>>
          ] (compiling source file PersistenceBarcodes.cpp)
E:\qtran\TopologyAnalysisGit\externals\PreBuilt\boost/regex/v4/perl_matcher_common.hpp(557): warning C4244: 'argument': conversion from 'wchar_t' to 'char', possible loss of data (compiling source file PersistenceBarcodes.cpp)
E:\qtran\TopologyAnalysisGit\externals\PreBuilt\boost/regex/v4/perl_matcher_common.hpp(612): warning C4244: 'argument': conversion from 'wchar_t' to 'char', possible loss of data (compiling source file PersistenceBarcodes.cpp)
  E:\qtran\TopologyAnalysisGit\externals\PreBuilt\boost/regex/v4/perl_matcher_common.hpp(586): note: while compiling class template member function 'bool boost::re_detail::perl_matcher<BidiIterator,Allocator,traits>::match_backref(void)'
          with
          [
              BidiIterator=std::_String_iterator<std::_String_val<std::_Simple_types<wchar_t>>>,
              Allocator=std::allocator<boost::sub_match<std::_String_iterator<std::_String_val<std::_Simple_types<wchar_t>>>>>,
              traits=boost::regex_traits<char,boost::w32_regex_traits<char>>
          ] (compiling source file PersistenceBarcodes.cpp)
  E:\qtran\TopologyAnalysisGit\externals\PreBuilt\boost/regex/v4/perl_matcher_non_recursive.hpp(180): note: see reference to function template instantiation 'bool boost::re_detail::perl_matcher<BidiIterator,Allocator,traits>::match_backref(void)' being compiled
          with
          [
              BidiIterator=std::_String_iterator<std::_String_val<std::_Simple_types<wchar_t>>>,
              Allocator=std::allocator<boost::sub_match<std::_String_iterator<std::_String_val<std::_Simple_types<wchar_t>>>>>,
              traits=boost::regex_traits<char,boost::w32_regex_traits<char>>
          ] (compiling source file PersistenceBarcodes.cpp)
E:\qtran\TopologyAnalysisGit\externals\PreBuilt\boost/regex/v4/perl_matcher_common.hpp(643): warning C4244: 'argument': conversion from 'wchar_t' to 'char', possible loss of data (compiling source file PersistenceBarcodes.cpp)
  E:\qtran\TopologyAnalysisGit\externals\PreBuilt\boost/regex/v4/perl_matcher_common.hpp(640): note: while compiling class template member function 'bool boost::re_detail::perl_matcher<BidiIterator,Allocator,traits>::match_set(void)'
          with
          [
              BidiIterator=std::_String_iterator<std::_String_val<std::_Simple_types<wchar_t>>>,
              Allocator=std::allocator<boost::sub_match<std::_String_iterator<std::_String_val<std::_Simple_types<wchar_t>>>>>,
              traits=boost::regex_traits<char,boost::w32_regex_traits<char>>
          ] (compiling source file PersistenceBarcodes.cpp)
  E:\qtran\TopologyAnalysisGit\externals\PreBuilt\boost/regex/v4/perl_matcher_non_recursive.hpp(180): note: see reference to function template instantiation 'bool boost::re_detail::perl_matcher<BidiIterator,Allocator,traits>::match_set(void)' being compiled
          with
          [
              BidiIterator=std::_String_iterator<std::_String_val<std::_Simple_types<wchar_t>>>,
              Allocator=std::allocator<boost::sub_match<std::_String_iterator<std::_String_val<std::_Simple_types<wchar_t>>>>>,
              traits=boost::regex_traits<char,boost::w32_regex_traits<char>>
          ] (compiling source file PersistenceBarcodes.cpp)
E:\qtran\TopologyAnalysisGit\externals\PreBuilt\boost/regex/v4/perl_matcher_common.hpp(664): warning C4244: 'argument': conversion from 'wchar_t' to 'char', possible loss of data (compiling source file PersistenceBarcodes.cpp)
  E:\qtran\TopologyAnalysisGit\externals\PreBuilt\boost/regex/v4/perl_matcher_common.hpp(661): note: while compiling class template member function 'bool boost::re_detail::perl_matcher<BidiIterator,Allocator,traits>::match_combining(void)'
          with
          [
              BidiIterator=std::_String_iterator<std::_String_val<std::_Simple_types<wchar_t>>>,
              Allocator=std::allocator<boost::sub_match<std::_String_iterator<std::_String_val<std::_Simple_types<wchar_t>>>>>,
              traits=boost::regex_traits<char,boost::w32_regex_traits<char>>
          ] (compiling source file PersistenceBarcodes.cpp)
  E:\qtran\TopologyAnalysisGit\externals\PreBuilt\boost/regex/v4/perl_matcher_non_recursive.hpp(180): note: see reference to function template instantiation 'bool boost::re_detail::perl_matcher<BidiIterator,Allocator,traits>::match_combining(void)' being compiled
          with
          [
              BidiIterator=std::_String_iterator<std::_String_val<std::_Simple_types<wchar_t>>>,
              Allocator=std::allocator<boost::sub_match<std::_String_iterator<std::_String_val<std::_Simple_types<wchar_t>>>>>,
              traits=boost::regex_traits<char,boost::w32_regex_traits<char>>
          ] (compiling source file PersistenceBarcodes.cpp)
E:\qtran\TopologyAnalysisGit\externals\PreBuilt\boost/regex/v4/perl_matcher_common.hpp(667): warning C4244: 'argument': conversion from 'wchar_t' to 'char', possible loss of data (compiling source file PersistenceBarcodes.cpp)
E:\qtran\TopologyAnalysisGit\externals\PreBuilt\boost/regex/v4/perl_matcher_common.hpp(679): warning C4244: 'argument': conversion from 'wchar_t' to 'char', possible loss of data (compiling source file PersistenceBarcodes.cpp)
  E:\qtran\TopologyAnalysisGit\externals\PreBuilt\boost/regex/v4/perl_matcher_common.hpp(675): note: while compiling class template member function 'bool boost::re_detail::perl_matcher<BidiIterator,Allocator,traits>::match_soft_buffer_end(void)'
          with
          [
              BidiIterator=std::_String_iterator<std::_String_val<std::_Simple_types<wchar_t>>>,
              Allocator=std::allocator<boost::sub_match<std::_String_iterator<std::_String_val<std::_Simple_types<wchar_t>>>>>,
              traits=boost::regex_traits<char,boost::w32_regex_traits<char>>
          ] (compiling source file PersistenceBarcodes.cpp)
  E:\qtran\TopologyAnalysisGit\externals\PreBuilt\boost/regex/v4/perl_matcher_non_recursive.hpp(180): note: see reference to function template instantiation 'bool boost::re_detail::perl_matcher<BidiIterator,Allocator,traits>::match_soft_buffer_end(void)' being compiled
          with
          [
              BidiIterator=std::_String_iterator<std::_String_val<std::_Simple_types<wchar_t>>>,
              Allocator=std::allocator<boost::sub_match<std::_String_iterator<std::_String_val<std::_Simple_types<wchar_t>>>>>,
              traits=boost::regex_traits<char,boost::w32_regex_traits<char>>
          ] (compiling source file PersistenceBarcodes.cpp)
E:\qtran\TopologyAnalysisGit\externals\PreBuilt\boost/regex/v4/perl_matcher_non_recursive.hpp(788): warning C4244: 'argument': conversion from 'wchar_t' to 'char', possible loss of data (compiling source file PersistenceBarcodes.cpp)
  E:\qtran\TopologyAnalysisGit\externals\PreBuilt\boost/regex/v4/perl_matcher_non_recursive.hpp(761): note: while compiling class template member function 'bool boost::re_detail::perl_matcher<BidiIterator,Allocator,traits>::match_set_repeat(void)'
          with
          [
              BidiIterator=std::_String_iterator<std::_String_val<std::_Simple_types<wchar_t>>>,
              Allocator=std::allocator<boost::sub_match<std::_String_iterator<std::_String_val<std::_Simple_types<wchar_t>>>>>,
              traits=boost::regex_traits<char,boost::w32_regex_traits<char>>
          ] (compiling source file PersistenceBarcodes.cpp)
  E:\qtran\TopologyAnalysisGit\externals\PreBuilt\boost/regex/v4/perl_matcher_non_recursive.hpp(180): note: see reference to function template instantiation 'bool boost::re_detail::perl_matcher<BidiIterator,Allocator,traits>::match_set_repeat(void)' being compiled
          with
          [
              BidiIterator=std::_String_iterator<std::_String_val<std::_Simple_types<wchar_t>>>,
              Allocator=std::allocator<boost::sub_match<std::_String_iterator<std::_String_val<std::_Simple_types<wchar_t>>>>>,
              traits=boost::regex_traits<char,boost::w32_regex_traits<char>>
          ] (compiling source file PersistenceBarcodes.cpp)
E:\qtran\TopologyAnalysisGit\externals\PreBuilt\boost/regex/v4/perl_matcher_non_recursive.hpp(796): warning C4244: 'argument': conversion from 'wchar_t' to 'char', possible loss of data (compiling source file PersistenceBarcodes.cpp)
E:\qtran\TopologyAnalysisGit\externals\PreBuilt\boost/regex/v4/perl_matcher_non_recursive.hpp(714): warning C4244: 'argument': conversion from 'wchar_t' to 'char', possible loss of data (compiling source file PersistenceBarcodes.cpp)
  E:\qtran\TopologyAnalysisGit\externals\PreBuilt\boost/regex/v4/perl_matcher_non_recursive.hpp(686): note: while compiling class template member function 'bool boost::re_detail::perl_matcher<BidiIterator,Allocator,traits>::match_char_repeat(void)'
          with
          [
              BidiIterator=std::_String_iterator<std::_String_val<std::_Simple_types<wchar_t>>>,
              Allocator=std::allocator<boost::sub_match<std::_String_iterator<std::_String_val<std::_Simple_types<wchar_t>>>>>,
              traits=boost::regex_traits<char,boost::w32_regex_traits<char>>
          ] (compiling source file PersistenceBarcodes.cpp)
  E:\qtran\TopologyAnalysisGit\externals\PreBuilt\boost/regex/v4/perl_matcher_non_recursive.hpp(180): note: see reference to function template instantiation 'bool boost::re_detail::perl_matcher<BidiIterator,Allocator,traits>::match_char_repeat(void)' being compiled
          with
          [
              BidiIterator=std::_String_iterator<std::_String_val<std::_Simple_types<wchar_t>>>,
              Allocator=std::allocator<boost::sub_match<std::_String_iterator<std::_String_val<std::_Simple_types<wchar_t>>>>>,
              traits=boost::regex_traits<char,boost::w32_regex_traits<char>>
          ] (compiling source file PersistenceBarcodes.cpp)
E:\qtran\TopologyAnalysisGit\externals\PreBuilt\boost/regex/v4/perl_matcher_non_recursive.hpp(722): warning C4244: 'argument': conversion from 'wchar_t' to 'char', possible loss of data (compiling source file PersistenceBarcodes.cpp)
E:\qtran\TopologyAnalysisGit\externals\PreBuilt\boost/regex/v4/perl_matcher.hpp(164): warning C4244: 'argument': conversion from 'wchar_t' to 'char', possible loss of data (compiling source file PersistenceBarcodes.cpp)
  E:\qtran\TopologyAnalysisGit\externals\PreBuilt\boost/regex/v4/perl_matcher_non_recursive.hpp(1485): note: see reference to function template instantiation 'iterator boost::re_detail::re_is_set_member<BidiIterator,charT,traits,m_type>(iterator,iterator,const boost::re_detail::re_set_long<m_type> *,const boost::re_detail::regex_data<charT,traits> &,bool)' being compiled
          with
          [
              iterator=std::_String_iterator<std::_String_val<std::_Simple_types<wchar_t>>>,
              BidiIterator=std::_String_iterator<std::_String_val<std::_Simple_types<wchar_t>>>,
              charT=char,
              traits=boost::regex_traits<char,boost::w32_regex_traits<char>>
          ] (compiling source file PersistenceBarcodes.cpp)
  E:\qtran\TopologyAnalysisGit\externals\PreBuilt\boost/regex/v4/perl_matcher_non_recursive.hpp(1457): note: while compiling class template member function 'bool boost::re_detail::perl_matcher<BidiIterator,Allocator,traits>::unwind_long_set_repeat(bool)'
          with
          [
              BidiIterator=std::_String_iterator<std::_String_val<std::_Simple_types<wchar_t>>>,
              Allocator=std::allocator<boost::sub_match<std::_String_iterator<std::_String_val<std::_Simple_types<wchar_t>>>>>,
              traits=boost::regex_traits<char,boost::w32_regex_traits<char>>
          ] (compiling source file PersistenceBarcodes.cpp)
  E:\qtran\TopologyAnalysisGit\externals\PreBuilt\boost/regex/v4/perl_matcher_non_recursive.hpp(1034): note: see reference to function template instantiation 'bool boost::re_detail::perl_matcher<BidiIterator,Allocator,traits>::unwind_long_set_repeat(bool)' being compiled
          with
          [
              BidiIterator=std::_String_iterator<std::_String_val<std::_Simple_types<wchar_t>>>,
              Allocator=std::allocator<boost::sub_match<std::_String_iterator<std::_String_val<std::_Simple_types<wchar_t>>>>>,
              traits=boost::regex_traits<char,boost::w32_regex_traits<char>>
          ] (compiling source file PersistenceBarcodes.cpp)
E:\qtran\TopologyAnalysisGit\externals\PreBuilt\boost/regex/v4/perl_matcher.hpp(175): warning C4244: 'argument': conversion from 'wchar_t' to 'char', possible loss of data (compiling source file PersistenceBarcodes.cpp)
E:\qtran\TopologyAnalysisGit\externals\PreBuilt\boost/regex/v4/perl_matcher.hpp(188): warning C4244: 'argument': conversion from 'wchar_t' to 'char', possible loss of data (compiling source file PersistenceBarcodes.cpp)
     Creating library x64\Release\PersistenceUtils_D64.lib and object x64\Release\PersistenceUtils_D64.exp
  PersistenceUtils_D64.vcxproj -> E:\qtran\TopologyAnalysisGit\ScaleVariantTopo\\Release\PersistenceUtils_D64.dll
  PersistenceUtils_D64.vcxproj -> E:\qtran\TopologyAnalysisGit\ScaleVariantTopo\Release\\PersistenceUtils_D64.pdb (Full PDB)
