e:\qtran\topologyanalysisgit\topologyanalysis2\persistenceutils_d64\x64\release\persistenceutils_d64.pch
e:\qtran\topologyanalysisgit\topologyanalysis2\persistenceutils_d64\x64\release\vc140.pdb
e:\qtran\topologyanalysisgit\topologyanalysis2\persistenceutils_d64\x64\release\stdafx.obj
e:\qtran\topologyanalysisgit\topologyanalysis2\persistenceutils_d64\x64\release\barcodeutils.obj
e:\qtran\topologyanalysisgit\topologyanalysis2\persistenceutils_d64\x64\release\persistencebarcodes.obj
e:\qtran\topologyanalysisgit\topologyanalysis2\persistenceutils_d64\x64\release\persistenceutils_d64.obj
e:\qtran\topologyanalysisgit\topologyanalysis2\release\persistenceutils_d64.dll
e:\qtran\topologyanalysisgit\topologyanalysis2\release\persistenceutils_d64.pdb
e:\qtran\topologyanalysisgit\topologyanalysis2\release\persistenceutils_d64.map
e:\qtran\topologyanalysisgit\topologyanalysis2\persistenceutils_d64\x64\release\persistenceutils_d64.lib
e:\qtran\topologyanalysisgit\topologyanalysis2\persistenceutils_d64\x64\release\persistenceutils_d64.exp
e:\qtran\topologyanalysisgit\topologyanalysis2\persistenceutils_d64\x64\release\persistenceutils_d64.res
e:\qtran\topologyanalysisgit\topologyanalysis2\\release\persistenceutils_d64.pdb
e:\qtran\topologyanalysisgit\topologyanalysis2\\release\persistenceutils_d64.dll
e:\qtran\topologyanalysisgit\topologyanalysis2\persistenceutils_d64\x64\release\persiste.b3cba42e.tlog\cl.command.1.tlog
e:\qtran\topologyanalysisgit\topologyanalysis2\persistenceutils_d64\x64\release\persiste.b3cba42e.tlog\cl.read.1.tlog
e:\qtran\topologyanalysisgit\topologyanalysis2\persistenceutils_d64\x64\release\persiste.b3cba42e.tlog\cl.write.1.tlog
e:\qtran\topologyanalysisgit\topologyanalysis2\persistenceutils_d64\x64\release\persiste.b3cba42e.tlog\link.command.1.tlog
e:\qtran\topologyanalysisgit\topologyanalysis2\persistenceutils_d64\x64\release\persiste.b3cba42e.tlog\link.read.1.tlog
e:\qtran\topologyanalysisgit\topologyanalysis2\persistenceutils_d64\x64\release\persiste.b3cba42e.tlog\link.write.1.tlog
e:\qtran\topologyanalysisgit\topologyanalysis2\persistenceutils_d64\x64\release\persiste.b3cba42e.tlog\persistenceutils_d64.write.1u.tlog
e:\qtran\topologyanalysisgit\topologyanalysis2\persistenceutils_d64\x64\release\persiste.b3cba42e.tlog\rc.command.1.tlog
e:\qtran\topologyanalysisgit\topologyanalysis2\persistenceutils_d64\x64\release\persiste.b3cba42e.tlog\rc.read.1.tlog
e:\qtran\topologyanalysisgit\topologyanalysis2\persistenceutils_d64\x64\release\persiste.b3cba42e.tlog\rc.write.1.tlog
