  stdafx.cpp
  PersistentRunner_D64.cpp
C:\Program Files (x86)\Microsoft Visual Studio 14.0\VC\include\utility(172): warning C4244: 'initializing': conversion from 'int' to 'value_t', possible loss of data
  F:\qtran\TopologyAnalysisDev\TopologyAnalysis\RipserLib_D64/RipserUtils.h(104): note: see reference to function template instantiation 'std::pair<value_t,index_t>::pair<int,entry_t&,void,0>(_Other1 &&,_Other2) noexcept' being compiled
          with
          [
              _Other1=int,
              _Other2=entry_t &
          ]
  F:\qtran\TopologyAnalysisDev\TopologyAnalysis\RipserLib_D64/RipserUtils.h(104): note: see reference to function template instantiation 'std::pair<value_t,index_t>::pair<int,entry_t&,void,0>(_Other1 &&,_Other2) noexcept' being compiled
          with
          [
              _Other1=int,
              _Other2=entry_t &
          ]
  PersistentRunner_D64.vcxproj -> F:\qtran\TopologyAnalysisDev\TopologyAnalysis\\Debug\PersistentRunner_D64.exe
  PersistentRunner_D64.vcxproj -> F:\qtran\TopologyAnalysisDev\TopologyAnalysis\Debug\\PersistentRunner_D64.pdb (Full PDB)
  SetVersion() is skipped because --version_h_file_path or --verpatch_exe_path are not set.
  ['C:\\Program Files (x86)\\Windows Kits\\8.1\\bin\\x86\\signtool.exe', 'sign', '/n', 'Ziosoft, Inc', '/i', 'Go Daddy', '/d', 'ZIOSOFT Application', '/du', 'http://219.166.169.149/ZIO/', '/t', 'http://tsa.starfieldtech.com', '/v', 'F:\\qtran\\TopologyAnalysisDev\\TopologyAnalysis\\\\Debug\\PersistentRunner_D64.exe']
  Successfully signed: sign_target_path=F:\qtran\TopologyAnalysisDev\TopologyAnalysis\\Debug\PersistentRunner_D64.exe
