  stdafx.cpp
  KernelFisherDA.cpp
  KernelStatsUtils_D64.cpp
  MultiScaleKernel.cpp
  RiemannianManifoldKernel.cpp
  SliceWassersteinKernelUtil.cpp
RiemannianManifoldKernel.cpp(46): warning C4244: 'initializing': conversion from 'double' to 'float', possible loss of data
RiemannianManifoldKernel.cpp(46): warning C4244: 'initializing': conversion from 'double' to 'const float', possible loss of data
MultiScaleKernel.cpp(159): warning C4018: '<': signed/unsigned mismatch
RiemannianManifoldKernel.cpp(150): warning C4244: 'initializing': conversion from 'double' to 'float', possible loss of data
RiemannianManifoldKernel.cpp(150): warning C4244: 'initializing': conversion from 'double' to 'const float', possible loss of data
MultiScaleKernel.cpp(168): warning C4244: '+=': conversion from 'double' to 'float', possible loss of data
RiemannianManifoldKernel.cpp(151): warning C4244: 'initializing': conversion from 'double' to 'float', possible loss of data
RiemannianManifoldKernel.cpp(151): warning C4244: 'initializing': conversion from 'double' to 'const float', possible loss of data
MultiScaleKernel.cpp(172): warning C4244: 'initializing': conversion from 'double' to 'float', possible loss of data
MultiScaleKernel.cpp(172): warning C4244: 'initializing': conversion from 'double' to 'const float', possible loss of data
MultiScaleKernel.cpp(173): warning C4244: '=': conversion from 'double' to 'float', possible loss of data
SliceWassersteinKernelUtil.cpp(68): warning C4305: 'initializing': truncation from 'double' to 'float'
  e:\qtran\topologyanalysisgit\scalevarianttopo\kernelstatsutils_d64\SliceWassersteinKernelUtil.h(13): note: see reference to function template instantiation 'bool NSliceWassersteinKernelUtils::SliceCircleWassersteinDistance<float>(float &,const std::vector<std::tuple<float,float,float>,std::allocator<_Ty>> &,const std::vector<_Ty,std::allocator<_Ty>> &,std::size_t)' being compiled
          with
          [
              _Ty=std::tuple<float,float,float>
          ] (compiling source file SliceWassersteinKernelUtil.cpp)
SliceWassersteinKernelUtil.cpp(69): warning C4244: 'initializing': conversion from 'double' to 'float', possible loss of data
SliceWassersteinKernelUtil.cpp(81): warning C4244: 'initializing': conversion from 'double' to 'float', possible loss of data
SliceWassersteinKernelUtil.cpp(81): warning C4244: 'initializing': conversion from 'double' to 'const float', possible loss of data
SliceWassersteinKernelUtil.cpp(85): warning C4244: '=': conversion from 'double' to 'float', possible loss of data
MultiScaleKernel.cpp(56): warning C4305: 'initializing': truncation from 'double' to 'float'
  e:\qtran\topologyanalysisgit\scalevarianttopo\kernelstatsutils_d64\MultiScaleKernel.h(11): note: see reference to function template instantiation 'bool NMultiScaleKernelUtils::L2DiagramMskInnerProduct<float>(float &,const std::vector<std::tuple<float,float,float>,std::allocator<_Ty>> &,const std::vector<_Ty,std::allocator<_Ty>> &,float)' being compiled
          with
          [
              _Ty=std::tuple<float,float,float>
          ] (compiling source file MultiScaleKernel.cpp)
MultiScaleKernel.cpp(59): warning C4018: '<': signed/unsigned mismatch
MultiScaleKernel.cpp(61): warning C4244: 'initializing': conversion from 'double' to 'float', possible loss of data
MultiScaleKernel.cpp(74): warning C4244: '*=': conversion from 'double' to 'float', possible loss of data
MultiScaleKernel.cpp(80): warning C4244: 'initializing': conversion from 'double' to 'float', possible loss of data
MultiScaleKernel.cpp(80): warning C4244: 'initializing': conversion from 'double' to 'const float', possible loss of data
MultiScaleKernel.cpp(81): warning C4244: '=': conversion from 'double' to 'float', possible loss of data
SliceWassersteinKernelUtil.cpp(104): warning C4305: 'initializing': truncation from 'double' to 'float'
  e:\qtran\topologyanalysisgit\scalevarianttopo\kernelstatsutils_d64\SliceWassersteinKernelUtil.h(30): note: see reference to function template instantiation 'bool NSliceWassersteinKernelUtils::SliceCircleWassersteinDistance<float>(float &,const std::vector<std::tuple<float,float,float>,std::allocator<_Ty>> &,const std::vector<_Ty,std::allocator<_Ty>> &,std::size_t,std::size_t)' being compiled
          with
          [
              _Ty=std::tuple<float,float,float>
          ] (compiling source file SliceWassersteinKernelUtil.cpp)
SliceWassersteinKernelUtil.cpp(105): warning C4244: 'initializing': conversion from 'double' to 'float', possible loss of data
SliceWassersteinKernelUtil.cpp(106): warning C4244: 'initializing': conversion from 'double' to 'float', possible loss of data
SliceWassersteinKernelUtil.cpp(122): warning C4244: '=': conversion from 'double' to 'float', possible loss of data
SliceWassersteinKernelUtil.cpp(125): warning C4244: '=': conversion from 'double' to 'float', possible loss of data
SliceWassersteinKernelUtil.cpp(127): warning C4244: '=': conversion from 'double' to 'float', possible loss of data
MultiScaleKernel.cpp(89): warning C4244: 'initializing': conversion from 'double' to 'float', possible loss of data
  e:\qtran\topologyanalysisgit\scalevarianttopo\kernelstatsutils_d64\MultiScaleKernel.h(24): note: see reference to function template instantiation 'bool NMultiScaleKernelUtils::L2DiagramMskInnerProduct<double>(double &,const std::vector<std::tuple<double,double,double>,std::allocator<_Ty>> &,const std::vector<_Ty,std::allocator<_Ty>> &,double,double)' being compiled
          with
          [
              _Ty=std::tuple<double,double,double>
          ] (compiling source file MultiScaleKernel.cpp)
C:\Program Files (x86)\Microsoft Visual Studio 14.0\VC\include\numeric(20): warning C4244: 'argument': conversion from 'double' to 'const float', possible loss of data (compiling source file RiemannianManifoldKernel.cpp)
  C:\Program Files (x86)\Microsoft Visual Studio 14.0\VC\include\numeric(30): note: see reference to function template instantiation '_Ty std::_Accumulate_unchecked<float*,_Ty,_Fn2>(_InIt,_InIt,_Ty,_Fn2 &)' being compiled
          with
          [
              _Ty=double,
              _Fn2=std::plus<float>,
              _InIt=float *
          ] (compiling source file RiemannianManifoldKernel.cpp)
  RiemannianManifoldKernel.cpp(150): note: see reference to function template instantiation '_Ty std::accumulate<std::_Vector_iterator<std::_Vector_val<std::_Simple_types<float>>>,double,std::plus<float>>(_InIt,_InIt,_Ty,_Fn2)' being compiled
          with
          [
              _Ty=double,
              _InIt=std::_Vector_iterator<std::_Vector_val<std::_Simple_types<float>>>,
              _Fn2=std::plus<float>
          ]
RiemannianManifoldKernel.cpp(77): warning C4244: 'initializing': conversion from 'double' to 'float', possible loss of data
  RiemannianManifoldKernel.cpp(109): note: see reference to function template instantiation 'bool RiemannGeodesicMetricSingle<Dtype>(Dtype &,const std::vector<std::tuple<float,float,float>,std::allocator<_Ty>> &,const std::vector<_Ty,std::allocator<_Ty>> &,Dtype)' being compiled
          with
          [
              Dtype=float,
              _Ty=std::tuple<float,float,float>
          ]
  RiemannianManifoldKernel.cpp(186): note: see reference to function template instantiation 'bool NRiemannianManifoldKernelUtils::RiemannGeodesicMetric<float>(Dtype &,const std::vector<std::tuple<float,float,float>,std::allocator<_Ty>> &,const std::vector<_Ty,std::allocator<_Ty>> &,Dtype,Dtype)' being compiled
          with
          [
              Dtype=float,
              _Ty=std::tuple<float,float,float>
          ]
RiemannianManifoldKernel.cpp(77): warning C4244: 'initializing': conversion from 'double' to 'const float', possible loss of data
RiemannianManifoldKernel.cpp(78): warning C4244: 'initializing': conversion from 'double' to 'float', possible loss of data
RiemannianManifoldKernel.cpp(78): warning C4244: 'initializing': conversion from 'double' to 'const float', possible loss of data
C:\Program Files (x86)\Microsoft Visual Studio 14.0\VC\include\numeric(20): warning C4244: 'argument': conversion from 'double' to 'const float', possible loss of data (compiling source file MultiScaleKernel.cpp)
  C:\Program Files (x86)\Microsoft Visual Studio 14.0\VC\include\numeric(30): note: see reference to function template instantiation '_Ty std::_Accumulate_unchecked<float*,_Ty,_Fn2>(_InIt,_InIt,_Ty,_Fn2 &)' being compiled
          with
          [
              _Ty=double,
              _Fn2=std::plus<float>,
              _InIt=float *
          ] (compiling source file MultiScaleKernel.cpp)
  MultiScaleKernel.cpp(172): note: see reference to function template instantiation '_Ty std::accumulate<std::_Vector_iterator<std::_Vector_val<std::_Simple_types<float>>>,double,std::plus<float>>(_InIt,_InIt,_Ty,_Fn2)' being compiled
          with
          [
              _Ty=double,
              _InIt=std::_Vector_iterator<std::_Vector_val<std::_Simple_types<float>>>,
              _Fn2=std::plus<float>
          ]
C:\Program Files (x86)\Microsoft Visual Studio 14.0\VC\include\tuple(164): warning C4244: 'initializing': conversion from 'double' to 'float', possible loss of data (compiling source file RiemannianManifoldKernel.cpp)
  C:\Program Files (x86)\Microsoft Visual Studio 14.0\VC\include\tuple(520): note: see reference to function template instantiation 'std::_Tuple_val<_This>::_Tuple_val<_Ty>(_Other &&)' being compiled
          with
          [
              _This=float,
              _Ty=double,
              _Other=double
          ] (compiling source file RiemannianManifoldKernel.cpp)
  C:\Program Files (x86)\Microsoft Visual Studio 14.0\VC\include\tuple(519): note: see reference to function template instantiation 'std::_Tuple_val<_This>::_Tuple_val<_Ty>(_Other &&)' being compiled
          with
          [
              _This=float,
              _Ty=double,
              _Other=double
          ] (compiling source file RiemannianManifoldKernel.cpp)
  RiemannianManifoldKernel.cpp(16): note: see reference to function template instantiation 'std::tuple<float,float,float>::tuple<double,double,float,0,0>(std::tuple<double,double,float> &&)' being compiled
  RiemannianManifoldKernel.cpp(16): note: see reference to function template instantiation 'std::tuple<float,float,float>::tuple<double,double,float,0,0>(std::tuple<double,double,float> &&)' being compiled
  RiemannianManifoldKernel.cpp(120): note: see reference to function template instantiation 'bool ProjectToDiagonalAndAppend<float>(std::vector<std::tuple<float,float,float>,std::allocator<_Ty>> &,std::vector<_Ty,std::allocator<_Ty>> &)' being compiled
          with
          [
              _Ty=std::tuple<float,float,float>
          ]
RiemannianManifoldKernel.cpp(33): warning C4244: 'initializing': conversion from 'double' to 'float', possible loss of data
  RiemannianManifoldKernel.cpp(66): note: see reference to function template instantiation 'Dtype GetNorm<Dtype>(std::tuple<float,float,float>,std::tuple<float,float,float>,const Dtype &)' being compiled
          with
          [
              Dtype=float
          ]
  RiemannianManifoldKernel.cpp(109): note: see reference to function template instantiation 'bool RiemannGeodesicMetricSingle<Dtype>(Dtype &,const std::vector<std::tuple<float,float,float>,std::allocator<_Ty>> &,const std::vector<_Ty,std::allocator<_Ty>> &,Dtype)' being compiled
          with
          [
              Dtype=float,
              _Ty=std::tuple<float,float,float>
          ]
RiemannianManifoldKernel.cpp(33): warning C4244: 'initializing': conversion from 'double' to 'const float', possible loss of data
C:\Program Files (x86)\Microsoft Visual Studio 14.0\VC\include\numeric(20): warning C4244: 'argument': conversion from 'double' to 'const float', possible loss of data (compiling source file SliceWassersteinKernelUtil.cpp)
  C:\Program Files (x86)\Microsoft Visual Studio 14.0\VC\include\numeric(30): note: see reference to function template instantiation '_Ty std::_Accumulate_unchecked<float*,_Ty,_Fn2>(_InIt,_InIt,_Ty,_Fn2 &)' being compiled
          with
          [
              _Ty=double,
              _Fn2=std::plus<float>,
              _InIt=float *
          ] (compiling source file SliceWassersteinKernelUtil.cpp)
  SliceWassersteinKernelUtil.cpp(81): note: see reference to function template instantiation '_Ty std::accumulate<std::_Vector_iterator<std::_Vector_val<std::_Simple_types<float>>>,double,std::plus<Dtype>>(_InIt,_InIt,_Ty,_Fn2)' being compiled
          with
          [
              _Ty=double,
              Dtype=float,
              _InIt=std::_Vector_iterator<std::_Vector_val<std::_Simple_types<float>>>,
              _Fn2=std::plus<float>
          ]
  e:\qtran\topologyanalysisgit\scalevarianttopo\kernelstatsutils_d64\SliceWassersteinKernelUtil.h(13): note: see reference to function template instantiation 'bool NSliceWassersteinKernelUtils::SliceCircleWassersteinDistance<float>(float &,const std::vector<std::tuple<float,float,float>,std::allocator<_Ty>> &,const std::vector<_Ty,std::allocator<_Ty>> &,std::size_t)' being compiled
          with
          [
              _Ty=std::tuple<float,float,float>
          ] (compiling source file SliceWassersteinKernelUtil.cpp)
C:\Program Files (x86)\Microsoft Visual Studio 14.0\VC\include\tuple(164): warning C4244: 'initializing': conversion from 'double' to 'float', possible loss of data (compiling source file SliceWassersteinKernelUtil.cpp)
  C:\Program Files (x86)\Microsoft Visual Studio 14.0\VC\include\tuple(520): note: see reference to function template instantiation 'std::_Tuple_val<_This>::_Tuple_val<_Ty>(_Other &&)' being compiled
          with
          [
              _This=float,
              _Ty=double,
              _Other=double
          ] (compiling source file SliceWassersteinKernelUtil.cpp)
  C:\Program Files (x86)\Microsoft Visual Studio 14.0\VC\include\tuple(519): note: see reference to function template instantiation 'std::_Tuple_val<_This>::_Tuple_val<_Ty>(_Other &&)' being compiled
          with
          [
              _This=float,
              _Ty=double,
              _Other=double
          ] (compiling source file SliceWassersteinKernelUtil.cpp)
  SliceWassersteinKernelUtil.cpp(46): note: see reference to function template instantiation 'std::tuple<float,float,float>::tuple<double,double,float,0,0>(std::tuple<double,double,float> &&)' being compiled
  SliceWassersteinKernelUtil.cpp(46): note: see reference to function template instantiation 'std::tuple<float,float,float>::tuple<double,double,float,0,0>(std::tuple<double,double,float> &&)' being compiled
  SliceWassersteinKernelUtil.cpp(65): note: see reference to function template instantiation 'bool NSliceWassersteinKernelUtils::ProjectToDiagonalAndAppend<float>(std::vector<std::tuple<float,float,float>,std::allocator<_Ty>> &,std::vector<_Ty,std::allocator<_Ty>> &)' being compiled
          with
          [
              _Ty=std::tuple<float,float,float>
          ]
KernelFisherDA.cpp(29): warning C4244: '=': conversion from 'double' to 'float', possible loss of data
  KernelFisherDA.cpp(14): note: see reference to function template instantiation 'double NKernelStatsUtils::ComputeKFDR<float>(int,int,const Eigen::MatrixXf &,const double)' being compiled
KernelFisherDA.cpp(30): warning C4244: '=': conversion from 'double' to 'float', possible loss of data
KernelFisherDA.cpp(36): warning C4244: 'argument': conversion from 'double' to 'const float', possible loss of data
KernelFisherDA.cpp(37): warning C4244: 'argument': conversion from 'double' to 'const float', possible loss of data
     Creating library x64\Release\KernelStatsUtils_D64.lib and object x64\Release\KernelStatsUtils_D64.exp
  KernelStatsUtils_D64.vcxproj -> E:\qtran\TopologyAnalysisGit\ScaleVariantTopo\\Release\KernelStatsUtils_D64.dll
  KernelStatsUtils_D64.vcxproj -> E:\qtran\TopologyAnalysisGit\ScaleVariantTopo\Release\\KernelStatsUtils_D64.pdb (Full PDB)
