e:\qtran\topologyanalysisgit\topologyanalysis2\kernelstatsutils_d64\x64\release\kernelstatsutils_d64.pch
e:\qtran\topologyanalysisgit\topologyanalysis2\kernelstatsutils_d64\x64\release\vc140.pdb
e:\qtran\topologyanalysisgit\topologyanalysis2\kernelstatsutils_d64\x64\release\stdafx.obj
e:\qtran\topologyanalysisgit\topologyanalysis2\kernelstatsutils_d64\x64\release\multiscalekernel.obj
e:\qtran\topologyanalysisgit\topologyanalysis2\kernelstatsutils_d64\x64\release\slicewassersteinkernelutil.obj
e:\qtran\topologyanalysisgit\topologyanalysis2\kernelstatsutils_d64\x64\release\kernelfisherda.obj
e:\qtran\topologyanalysisgit\topologyanalysis2\kernelstatsutils_d64\x64\release\riemannianmanifoldkernel.obj
e:\qtran\topologyanalysisgit\topologyanalysis2\kernelstatsutils_d64\x64\release\kernelstatsutils_d64.obj
e:\qtran\topologyanalysisgit\topologyanalysis2\kernelstatsutils_d64\x64\release\kernelstatsutils_d64.lib
e:\qtran\topologyanalysisgit\topologyanalysis2\kernelstatsutils_d64\x64\release\kernelstatsutils_d64.exp
e:\qtran\topologyanalysisgit\topologyanalysis2\release\kernelstatsutils_d64.dll
e:\qtran\topologyanalysisgit\topologyanalysis2\release\kernelstatsutils_d64.pdb
e:\qtran\topologyanalysisgit\topologyanalysis2\release\kernelstatsutils_d64.map
e:\qtran\topologyanalysisgit\topologyanalysis2\kernelstatsutils_d64\x64\release\kernelstatsutils_d64.res
e:\qtran\topologyanalysisgit\topologyanalysis2\\release\kernelstatsutils_d64.pdb
e:\qtran\topologyanalysisgit\topologyanalysis2\\release\kernelstatsutils_d64.dll
e:\qtran\topologyanalysisgit\topologyanalysis2\kernelstatsutils_d64\x64\release\kernelst.570a7a45.tlog\cl.command.1.tlog
e:\qtran\topologyanalysisgit\topologyanalysis2\kernelstatsutils_d64\x64\release\kernelst.570a7a45.tlog\cl.read.1.tlog
e:\qtran\topologyanalysisgit\topologyanalysis2\kernelstatsutils_d64\x64\release\kernelst.570a7a45.tlog\cl.write.1.tlog
e:\qtran\topologyanalysisgit\topologyanalysis2\kernelstatsutils_d64\x64\release\kernelst.570a7a45.tlog\kernelstatsutils_d64.write.1u.tlog
e:\qtran\topologyanalysisgit\topologyanalysis2\kernelstatsutils_d64\x64\release\kernelst.570a7a45.tlog\link.command.1.tlog
e:\qtran\topologyanalysisgit\topologyanalysis2\kernelstatsutils_d64\x64\release\kernelst.570a7a45.tlog\link.read.1.tlog
e:\qtran\topologyanalysisgit\topologyanalysis2\kernelstatsutils_d64\x64\release\kernelst.570a7a45.tlog\link.write.1.tlog
e:\qtran\topologyanalysisgit\topologyanalysis2\kernelstatsutils_d64\x64\release\kernelst.570a7a45.tlog\rc.command.1.tlog
e:\qtran\topologyanalysisgit\topologyanalysis2\kernelstatsutils_d64\x64\release\kernelst.570a7a45.tlog\rc.read.1.tlog
e:\qtran\topologyanalysisgit\topologyanalysis2\kernelstatsutils_d64\x64\release\kernelst.570a7a45.tlog\rc.write.1.tlog
