  stdafx.cpp
  PersistentRunner_D64.cpp
e:\qtran\topologyanalysisgit\scalevarianttopo\persistenceutils_d64\PersistenceBarcodes.h(39): warning C4251: 'NPersistenceUtils::CPersistenceBarcodes<Dtype>::m_barcodes': class 'std::vector<std::tuple<Dtype,Dtype,Dtype>,std::allocator<_Ty>>' needs to have dll-interface to be used by clients of class 'NPersistenceUtils::CPersistenceBarcodes<Dtype>'
          with
          [
              _Ty=std::tuple<Dtype,Dtype,Dtype>
          ]
  e:\qtran\topologyanalysisgit\scalevarianttopo\persistenceutils_d64\PersistenceBarcodes.h(18): note: see declaration of 'std::vector<std::tuple<Dtype,Dtype,Dtype>,std::allocator<_Ty>>'
          with
          [
              _Ty=std::tuple<Dtype,Dtype,Dtype>
          ]
  e:\qtran\topologyanalysisgit\scalevarianttopo\persistenceutils_d64\PersistenceBarcodes.h(42): note: see reference to class template instantiation 'NPersistenceUtils::CPersistenceBarcodes<Dtype>' being compiled
e:\qtran\topologyanalysisgit\scalevarianttopo\persistenceutils_d64\PersistenceBarcodes.h(41): warning C4251: 'NPersistenceUtils::CPersistenceBarcodes<Dtype>::m_filesrc': class 'std::basic_string<wchar_t,std::char_traits<wchar_t>,std::allocator<wchar_t>>' needs to have dll-interface to be used by clients of class 'NPersistenceUtils::CPersistenceBarcodes<Dtype>'
  C:\Program Files (x86)\Microsoft Visual Studio 14.0\VC\include\xstring(2635): note: see declaration of 'std::basic_string<wchar_t,std::char_traits<wchar_t>,std::allocator<wchar_t>>'
e:\qtran\topologyanalysisgit\scalevarianttopo\persistentrunner_d64\../RipserLib_D64/RipserComputeUtils.h(286): warning C4251: 'NRipserComputeUtils::InputPrm::input_file': class 'std::basic_string<wchar_t,std::char_traits<wchar_t>,std::allocator<wchar_t>>' needs to have dll-interface to be used by clients of struct 'NRipserComputeUtils::InputPrm'
  C:\Program Files (x86)\Microsoft Visual Studio 14.0\VC\include\xstring(2635): note: see declaration of 'std::basic_string<wchar_t,std::char_traits<wchar_t>,std::allocator<wchar_t>>'
e:\qtran\topologyanalysisgit\scalevarianttopo\persistentrunner_d64\../RipserLib_D64/RipserComputeUtils.h(288): warning C4251: 'NRipserComputeUtils::InputPrm::pcl': class 'boost::shared_ptr<NDataUtils::CPointCloud<T>>' needs to have dll-interface to be used by clients of struct 'NRipserComputeUtils::InputPrm'
          with
          [
              T=value_t
          ]
  e:\qtran\topologyanalysisgit\scalevarianttopo\ripserlib_d64\../TopoUtils_D64/DataUtils.h(32): note: see declaration of 'boost::shared_ptr<NDataUtils::CPointCloud<T>>'
          with
          [
              T=value_t
          ]
e:\qtran\topologyanalysisgit\scalevarianttopo\persistentrunner_d64\../RipserLib_D64/RipserComputeUtils.h(289): warning C4251: 'NRipserComputeUtils::InputPrm::distances': class 'std::vector<value_t,std::allocator<_Ty>>' needs to have dll-interface to be used by clients of struct 'NRipserComputeUtils::InputPrm'
          with
          [
              _Ty=value_t
          ]
  e:\qtran\topologyanalysisgit\scalevarianttopo\persistentrunner_d64\../RipserLib_D64/RipserComputeUtils.h(41): note: see declaration of 'std::vector<value_t,std::allocator<_Ty>>'
          with
          [
              _Ty=value_t
          ]
e:\qtran\topologyanalysisgit\scalevarianttopo\persistentrunner_d64\../RipserLib_D64/RipserComputeUtils.h(296): warning C4251: 'NRipserComputeUtils::OutputPrm::out_dir': class 'std::basic_string<wchar_t,std::char_traits<wchar_t>,std::allocator<wchar_t>>' needs to have dll-interface to be used by clients of struct 'NRipserComputeUtils::OutputPrm'
  C:\Program Files (x86)\Microsoft Visual Studio 14.0\VC\include\xstring(2635): note: see declaration of 'std::basic_string<wchar_t,std::char_traits<wchar_t>,std::allocator<wchar_t>>'
e:\qtran\topologyanalysisgit\scalevarianttopo\persistentrunner_d64\../RipserLib_D64/RipserComputeUtils.h(297): warning C4251: 'NRipserComputeUtils::OutputPrm::basename': class 'std::basic_string<wchar_t,std::char_traits<wchar_t>,std::allocator<wchar_t>>' needs to have dll-interface to be used by clients of struct 'NRipserComputeUtils::OutputPrm'
  C:\Program Files (x86)\Microsoft Visual Studio 14.0\VC\include\xstring(2635): note: see declaration of 'std::basic_string<wchar_t,std::char_traits<wchar_t>,std::allocator<wchar_t>>'
e:\qtran\topologyanalysisgit\scalevarianttopo\persistentrunner_d64\../RipserLib_D64/RipserComputeUtils.h(318): warning C4251: 'NRipserComputeUtils::OutputPrm::out_barcodes': class 'std::vector<boost::shared_ptr<NPersistenceUtils::CPersistenceBarcodes<float>>,std::allocator<_Ty>>' needs to have dll-interface to be used by clients of struct 'NRipserComputeUtils::OutputPrm'
          with
          [
              _Ty=boost::shared_ptr<NPersistenceUtils::CPersistenceBarcodes<float>>
          ]
  e:\qtran\topologyanalysisgit\scalevarianttopo\persistenceutils_d64\PersistenceBarcodes.h(54): note: see declaration of 'std::vector<boost::shared_ptr<NPersistenceUtils::CPersistenceBarcodes<float>>,std::allocator<_Ty>>'
          with
          [
              _Ty=boost::shared_ptr<NPersistenceUtils::CPersistenceBarcodes<float>>
          ]
e:\qtran\topologyanalysisgit\scalevarianttopo\persistenceutils_d64\PersistenceBarcodes.h(39): warning C4251: 'NPersistenceUtils::CPersistenceBarcodes<float>::m_barcodes': class 'std::vector<std::tuple<Dtype,Dtype,Dtype>,std::allocator<_Ty>>' needs to have dll-interface to be used by clients of class 'NPersistenceUtils::CPersistenceBarcodes<float>'
          with
          [
              Dtype=float,
              _Ty=std::tuple<float,float,float>
          ]
  e:\qtran\topologyanalysisgit\scalevarianttopo\persistenceutils_d64\PersistenceBarcodes.h(18): note: see declaration of 'std::vector<std::tuple<Dtype,Dtype,Dtype>,std::allocator<_Ty>>'
          with
          [
              Dtype=float,
              _Ty=std::tuple<float,float,float>
          ]
  e:\qtran\topologyanalysisgit\scalevarianttopo\persistentrunner_d64\../RipserLib_D64/RipserComputeUtils.h(309): note: see reference to class template instantiation 'NPersistenceUtils::CPersistenceBarcodes<float>' being compiled
e:\qtran\topologyanalysisgit\scalevarianttopo\persistenceutils_d64\PersistenceBarcodes.h(41): warning C4251: 'NPersistenceUtils::CPersistenceBarcodes<float>::m_filesrc': class 'std::basic_string<wchar_t,std::char_traits<wchar_t>,std::allocator<wchar_t>>' needs to have dll-interface to be used by clients of class 'NPersistenceUtils::CPersistenceBarcodes<float>'
  C:\Program Files (x86)\Microsoft Visual Studio 14.0\VC\include\xstring(2635): note: see declaration of 'std::basic_string<wchar_t,std::char_traits<wchar_t>,std::allocator<wchar_t>>'
e:\qtran\topologyanalysisgit\scalevarianttopo\persistentrunner_d64\../RipserLib_D64/RipserComputeUtils.h(330): warning C4251: 'NRipserComputeUtils::RipsComputePrm::rip_prm': class 'boost::shared_ptr<NRipserComputeUtils::RipsPrm>' needs to have dll-interface to be used by clients of struct 'NRipserComputeUtils::RipsComputePrm'
  e:\qtran\topologyanalysisgit\scalevarianttopo\persistentrunner_d64\../RipserLib_D64/RipserComputeUtils.h(260): note: see declaration of 'boost::shared_ptr<NRipserComputeUtils::RipsPrm>'
e:\qtran\topologyanalysisgit\scalevarianttopo\persistentrunner_d64\../RipserLib_D64/RipserComputeUtils.h(331): warning C4251: 'NRipserComputeUtils::RipsComputePrm::input_prm': class 'boost::shared_ptr<NRipserComputeUtils::InputPrm>' needs to have dll-interface to be used by clients of struct 'NRipserComputeUtils::RipsComputePrm'
  e:\qtran\topologyanalysisgit\scalevarianttopo\persistentrunner_d64\../RipserLib_D64/RipserComputeUtils.h(276): note: see declaration of 'boost::shared_ptr<NRipserComputeUtils::InputPrm>'
e:\qtran\topologyanalysisgit\scalevarianttopo\persistentrunner_d64\../RipserLib_D64/RipserComputeUtils.h(332): warning C4251: 'NRipserComputeUtils::RipsComputePrm::output_prm': class 'boost::shared_ptr<NRipserComputeUtils::OutputPrm>' needs to have dll-interface to be used by clients of struct 'NRipserComputeUtils::RipsComputePrm'
  e:\qtran\topologyanalysisgit\scalevarianttopo\persistentrunner_d64\../RipserLib_D64/RipserComputeUtils.h(302): note: see declaration of 'boost::shared_ptr<NRipserComputeUtils::OutputPrm>'
C:\Program Files (x86)\Microsoft Visual Studio 14.0\VC\include\utility(172): warning C4244: 'initializing': conversion from 'int' to 'value_t', possible loss of data
  e:\qtran\topologyanalysisgit\scalevarianttopo\ripserlib_d64\../RipserLib_D64/RipserUtils.h(104): note: see reference to function template instantiation 'std::pair<value_t,index_t>::pair<int,entry_t&,void,0>(_Other1 &&,_Other2) noexcept' being compiled
          with
          [
              _Other1=int,
              _Other2=entry_t &
          ]
  e:\qtran\topologyanalysisgit\scalevarianttopo\ripserlib_d64\../RipserLib_D64/RipserUtils.h(104): note: see reference to function template instantiation 'std::pair<value_t,index_t>::pair<int,entry_t&,void,0>(_Other1 &&,_Other2) noexcept' being compiled
          with
          [
              _Other1=int,
              _Other2=entry_t &
          ]
  PersistentRunner_D64.vcxproj -> E:\qtran\TopologyAnalysisGit\ScaleVariantTopo\\Release\PersistentRunner_D64.exe
  PersistentRunner_D64.vcxproj -> E:\qtran\TopologyAnalysisGit\ScaleVariantTopo\Release\\PersistentRunner_D64.pdb (Full PDB)
