e:\qtran\topologyanalysisgit\scalevarianttopo\ripserlib_d64\x64\release\ripserlib_d64.pch
e:\qtran\topologyanalysisgit\scalevarianttopo\ripserlib_d64\x64\release\vc140.pdb
e:\qtran\topologyanalysisgit\scalevarianttopo\ripserlib_d64\x64\release\stdafx.obj
e:\qtran\topologyanalysisgit\scalevarianttopo\ripserlib_d64\x64\release\ripserutils.obj
e:\qtran\topologyanalysisgit\scalevarianttopo\ripserlib_d64\x64\release\ripserlib_d64.obj
e:\qtran\topologyanalysisgit\scalevarianttopo\ripserlib_d64\x64\release\ripsercomputeutils.obj
e:\qtran\topologyanalysisgit\scalevarianttopo\ripserlib_d64\x64\release\ripserinoututils.obj
e:\qtran\topologyanalysisgit\scalevarianttopo\release\ripserlib_d64.dll
e:\qtran\topologyanalysisgit\scalevarianttopo\release\ripserlib_d64.pdb
e:\qtran\topologyanalysisgit\scalevarianttopo\release\ripserlib_d64.map
e:\qtran\topologyanalysisgit\scalevarianttopo\ripserlib_d64\x64\release\ripserlib_d64.res
e:\qtran\topologyanalysisgit\scalevarianttopo\ripserlib_d64\x64\release\ripserlib_d64.lib
e:\qtran\topologyanalysisgit\scalevarianttopo\ripserlib_d64\x64\release\ripserlib_d64.exp
e:\qtran\topologyanalysisgit\scalevarianttopo\ripserlib_d64\x64\release\ripserlib_d64.vcxprojresolveassemblyreference.cache
e:\qtran\topologyanalysisgit\scalevarianttopo\\release\ripserlib_d64.pdb
e:\qtran\topologyanalysisgit\scalevarianttopo\\release\ripserlib_d64.dll
e:\qtran\topologyanalysisgit\scalevarianttopo\ripserlib_d64\x64\release\ripserlib_d64.tlog\cl.command.1.tlog
e:\qtran\topologyanalysisgit\scalevarianttopo\ripserlib_d64\x64\release\ripserlib_d64.tlog\cl.read.1.tlog
e:\qtran\topologyanalysisgit\scalevarianttopo\ripserlib_d64\x64\release\ripserlib_d64.tlog\cl.write.1.tlog
e:\qtran\topologyanalysisgit\scalevarianttopo\ripserlib_d64\x64\release\ripserlib_d64.tlog\link.command.1.tlog
e:\qtran\topologyanalysisgit\scalevarianttopo\ripserlib_d64\x64\release\ripserlib_d64.tlog\link.read.1.tlog
e:\qtran\topologyanalysisgit\scalevarianttopo\ripserlib_d64\x64\release\ripserlib_d64.tlog\link.write.1.tlog
e:\qtran\topologyanalysisgit\scalevarianttopo\ripserlib_d64\x64\release\ripserlib_d64.tlog\rc.command.1.tlog
e:\qtran\topologyanalysisgit\scalevarianttopo\ripserlib_d64\x64\release\ripserlib_d64.tlog\rc.read.1.tlog
e:\qtran\topologyanalysisgit\scalevarianttopo\ripserlib_d64\x64\release\ripserlib_d64.tlog\rc.write.1.tlog
e:\qtran\topologyanalysisgit\scalevarianttopo\ripserlib_d64\x64\release\ripserlib_d64.tlog\ripserlib_d64.write.1u.tlog
