e:\qtran\topologyanalysisgit\topologyanalysis2\diffusionrunner_d64\x64\release\diffusionrunner_d64.pch
e:\qtran\topologyanalysisgit\topologyanalysis2\diffusionrunner_d64\x64\release\vc140.pdb
e:\qtran\topologyanalysisgit\topologyanalysis2\diffusionrunner_d64\x64\release\stdafx.obj
e:\qtran\topologyanalysisgit\topologyanalysis2\diffusionrunner_d64\x64\release\diffusionrunner_d64.obj
e:\qtran\topologyanalysisgit\topologyanalysis2\diffusionrunner_d64\x64\release\diffusionrunner_d64.res
e:\qtran\topologyanalysisgit\topologyanalysis2\diffusionrunner_d64\x64\release\diffusionrunner_d64.vcxprojresolveassemblyreference.cache
e:\qtran\topologyanalysisgit\topologyanalysis2\\release\diffusionrunner_d64.pdb
e:\qtran\topologyanalysisgit\topologyanalysis2\diffusionrunner_d64\x64\release\diffusio.2432c186.tlog\cl.command.1.tlog
e:\qtran\topologyanalysisgit\topologyanalysis2\diffusionrunner_d64\x64\release\diffusio.2432c186.tlog\cl.read.1.tlog
e:\qtran\topologyanalysisgit\topologyanalysis2\diffusionrunner_d64\x64\release\diffusio.2432c186.tlog\cl.write.1.tlog
e:\qtran\topologyanalysisgit\topologyanalysis2\diffusionrunner_d64\x64\release\diffusio.2432c186.tlog\link-cvtres.read.1.tlog
e:\qtran\topologyanalysisgit\topologyanalysis2\diffusionrunner_d64\x64\release\diffusio.2432c186.tlog\link-cvtres.write.1.tlog
e:\qtran\topologyanalysisgit\topologyanalysis2\diffusionrunner_d64\x64\release\diffusio.2432c186.tlog\link-rc.read.1.tlog
e:\qtran\topologyanalysisgit\topologyanalysis2\diffusionrunner_d64\x64\release\diffusio.2432c186.tlog\link-rc.write.1.tlog
e:\qtran\topologyanalysisgit\topologyanalysis2\diffusionrunner_d64\x64\release\diffusio.2432c186.tlog\link.command.1.tlog
e:\qtran\topologyanalysisgit\topologyanalysis2\diffusionrunner_d64\x64\release\diffusio.2432c186.tlog\link.read.1.tlog
e:\qtran\topologyanalysisgit\topologyanalysis2\diffusionrunner_d64\x64\release\diffusio.2432c186.tlog\link.read.2.tlog
e:\qtran\topologyanalysisgit\topologyanalysis2\diffusionrunner_d64\x64\release\diffusio.2432c186.tlog\link.write.1.tlog
e:\qtran\topologyanalysisgit\topologyanalysis2\diffusionrunner_d64\x64\release\diffusio.2432c186.tlog\rc.command.1.tlog
e:\qtran\topologyanalysisgit\topologyanalysis2\diffusionrunner_d64\x64\release\diffusio.2432c186.tlog\rc.read.1.tlog
e:\qtran\topologyanalysisgit\topologyanalysis2\diffusionrunner_d64\x64\release\diffusio.2432c186.tlog\rc.write.1.tlog
